time="2025-11-25T20:02:34-06:00" level=warning msg="/home/jim/5_NER10_Training_2025-11-24/NER11_Gold_Standard/docker/docker-compose.yml: the attribute `version` is obsolete, it will be ignored, please remove it to avoid potential confusion"
#1 [internal] load local bake definitions
#1 reading from stdin 616B done
#1 DONE 0.0s

#2 [internal] load build definition from Dockerfile
#2 transferring dockerfile:
#2 transferring dockerfile: 889B done
#2 DONE 0.1s

#3 [internal] load metadata for docker.io/nvidia/cuda:11.8.0-cudnn8-devel-ubuntu22.04
#3 DONE 0.6s

#4 [internal] load .dockerignore
#4 transferring context: 2B done
#4 DONE 0.1s

#5 [1/6] FROM docker.io/nvidia/cuda:11.8.0-cudnn8-devel-ubuntu22.04@sha256:8f9dd0d09d3ad3900357a1cf7f887888b5b74056636cd6ef03c160c3cd4b1d95
#5 resolve docker.io/nvidia/cuda:11.8.0-cudnn8-devel-ubuntu22.04@sha256:8f9dd0d09d3ad3900357a1cf7f887888b5b74056636cd6ef03c160c3cd4b1d95 0.0s done
#5 DONE 0.0s

#6 [2/6] RUN apt-get update && apt-get install -y     python3.10     python3-pip     python3-venv     git     build-essential     curl     && rm -rf /var/lib/apt/lists/*
#6 CACHED

#7 [3/6] WORKDIR /app
#7 CACHED

#8 [4/6] RUN pip3 install --no-cache-dir --upgrade pip &&     pip3 install --no-cache-dir     "spacy[cuda11x]"     spacy-transformers     torch     pandas     numpy     tqdm     cupy-cuda11x
#8 0.736 Requirement already satisfied: pip in /usr/lib/python3/dist-packages (22.0.2)
#8 0.913 Collecting pip
#8 1.107   Downloading pip-25.3-py3-none-any.whl (1.8 MB)
#8 1.324      ━━━━━━━━━━━━━━━━━━━━━━━━━━━━━━━━━━━━━━━━ 1.8/1.8 MB 8.2 MB/s eta 0:00:00
#8 1.336 Installing collected packages: pip
#8 1.336   Attempting uninstall: pip
#8 1.336     Found existing installation: pip 22.0.2
#8 1.338     Not uninstalling pip at /usr/lib/python3/dist-packages, outside environment /usr
#8 1.338     Can't uninstall 'pip'. No files were found to uninstall.
#8 1.808 Successfully installed pip-25.3
#8 1.808 WARNING: Running pip as the 'root' user can result in broken permissions and conflicting behaviour with the system package manager. It is recommended to use a virtual environment instead: https://pip.pypa.io/warnings/venv
#8 2.210 Collecting spacy-transformers
#8 2.301   Downloading spacy_transformers-1.3.9-cp310-cp310-manylinux_2_17_x86_64.manylinux2014_x86_64.whl.metadata (7.0 kB)
#8 2.370 Collecting torch
#8 2.386   Downloading torch-2.9.1-cp310-cp310-manylinux_2_28_x86_64.whl.metadata (30 kB)
#8 2.532 Collecting pandas
#8 2.553   Downloading pandas-2.3.3-cp310-cp310-manylinux_2_24_x86_64.manylinux_2_28_x86_64.whl.metadata (91 kB)
#8 2.786 Collecting numpy
#8 2.801   Downloading numpy-2.2.6-cp310-cp310-manylinux_2_17_x86_64.manylinux2014_x86_64.whl.metadata (62 kB)
#8 2.853 Collecting tqdm
#8 2.867   Downloading tqdm-4.67.1-py3-none-any.whl.metadata (57 kB)
#8 2.931 Collecting cupy-cuda11x
#8 2.947   Downloading cupy_cuda11x-13.6.0-cp310-cp310-manylinux2014_x86_64.whl.metadata (2.4 kB)
#8 3.077 Collecting spacy[cuda11x]
#8 3.091   Downloading spacy-3.8.11-cp310-cp310-manylinux2014_x86_64.manylinux_2_17_x86_64.whl.metadata (27 kB)
#8 3.126 Collecting spacy-legacy<3.1.0,>=3.0.11 (from spacy[cuda11x])
#8 3.141   Downloading spacy_legacy-3.0.12-py2.py3-none-any.whl.metadata (2.8 kB)
#8 3.160 Collecting spacy-loggers<2.0.0,>=1.0.0 (from spacy[cuda11x])
#8 3.175   Downloading spacy_loggers-1.0.5-py3-none-any.whl.metadata (23 kB)
#8 3.228 Collecting murmurhash<1.1.0,>=0.28.0 (from spacy[cuda11x])
#8 3.244   Downloading murmurhash-1.0.15-cp310-cp310-manylinux1_x86_64.manylinux2014_x86_64.manylinux_2_17_x86_64.manylinux_2_5_x86_64.whl.metadata (2.3 kB)
#8 3.288 Collecting cymem<2.1.0,>=2.0.2 (from spacy[cuda11x])
#8 3.303   Downloading cymem-2.0.13-cp310-cp310-manylinux2014_x86_64.manylinux_2_17_x86_64.whl.metadata (9.7 kB)
#8 3.346 Collecting preshed<3.1.0,>=3.0.2 (from spacy[cuda11x])
#8 3.361   Downloading preshed-3.0.12-cp310-cp310-manylinux1_x86_64.manylinux2014_x86_64.manylinux_2_17_x86_64.manylinux_2_5_x86_64.whl.metadata (2.5 kB)
#8 3.500 Collecting thinc<8.4.0,>=8.3.4 (from spacy[cuda11x])
#8 3.521   Downloading thinc-8.3.10-cp310-cp310-manylinux2014_x86_64.manylinux_2_17_x86_64.whl.metadata (15 kB)
#8 3.557 Collecting wasabi<1.2.0,>=0.9.1 (from spacy[cuda11x])
#8 3.571   Downloading wasabi-1.1.3-py3-none-any.whl.metadata (28 kB)
#8 3.625 Collecting srsly<3.0.0,>=2.4.3 (from spacy[cuda11x])
#8 3.641   Downloading srsly-2.5.2-cp310-cp310-manylinux2014_x86_64.manylinux_2_17_x86_64.whl.metadata (19 kB)
#8 3.672 Collecting catalogue<2.1.0,>=2.0.6 (from spacy[cuda11x])
#8 3.687   Downloading catalogue-2.0.10-py3-none-any.whl.metadata (14 kB)
#8 3.710 Collecting weasel<0.5.0,>=0.4.2 (from spacy[cuda11x])
#8 3.726   Downloading weasel-0.4.3-py3-none-any.whl.metadata (4.6 kB)
#8 3.752 Collecting typer-slim<1.0.0,>=0.3.0 (from spacy[cuda11x])
#8 3.767   Downloading typer_slim-0.20.0-py3-none-any.whl.metadata (16 kB)
#8 3.818 Collecting requests<3.0.0,>=2.13.0 (from spacy[cuda11x])
#8 3.880   Downloading requests-2.32.5-py3-none-any.whl.metadata (4.9 kB)
#8 4.027 Collecting pydantic!=1.8,!=1.8.1,<3.0.0,>=1.7.4 (from spacy[cuda11x])
#8 4.041   Downloading pydantic-2.12.4-py3-none-any.whl.metadata (89 kB)
#8 4.082 Collecting jinja2 (from spacy[cuda11x])
#8 4.094   Downloading jinja2-3.1.6-py3-none-any.whl.metadata (2.9 kB)
#8 4.095 Requirement already satisfied: setuptools in /usr/lib/python3/dist-packages (from spacy[cuda11x]) (59.6.0)
#8 4.117 Collecting packaging>=20.0 (from spacy[cuda11x])
#8 4.130   Downloading packaging-25.0-py3-none-any.whl.metadata (3.3 kB)
#8 4.133 Collecting cupy-cuda11x
#8 4.148   Downloading cupy_cuda11x-12.3.0-cp310-cp310-manylinux2014_x86_64.whl.metadata (2.7 kB)
#8 4.159 Collecting numpy
#8 4.175   Downloading numpy-1.26.4-cp310-cp310-manylinux_2_17_x86_64.manylinux2014_x86_64.whl.metadata (61 kB)
#8 4.218 Collecting fastrlock>=0.5 (from cupy-cuda11x)
#8 4.233   Downloading fastrlock-0.8.3-cp310-cp310-manylinux_2_5_x86_64.manylinux1_x86_64.manylinux_2_28_x86_64.whl.metadata (7.7 kB)
#8 4.255 Collecting annotated-types>=0.6.0 (from pydantic!=1.8,!=1.8.1,<3.0.0,>=1.7.4->spacy[cuda11x])
#8 4.268   Downloading annotated_types-0.7.0-py3-none-any.whl.metadata (15 kB)
#8 4.888 Collecting pydantic-core==2.41.5 (from pydantic!=1.8,!=1.8.1,<3.0.0,>=1.7.4->spacy[cuda11x])
#8 4.903   Downloading pydantic_core-2.41.5-cp310-cp310-manylinux_2_17_x86_64.manylinux2014_x86_64.whl.metadata (7.3 kB)
#8 4.927 Collecting typing-extensions>=4.14.1 (from pydantic!=1.8,!=1.8.1,<3.0.0,>=1.7.4->spacy[cuda11x])
#8 4.940   Downloading typing_extensions-4.15.0-py3-none-any.whl.metadata (3.3 kB)
#8 4.959 Collecting typing-inspection>=0.4.2 (from pydantic!=1.8,!=1.8.1,<3.0.0,>=1.7.4->spacy[cuda11x])
#8 4.972   Downloading typing_inspection-0.4.2-py3-none-any.whl.metadata (2.6 kB)
#8 5.051 Collecting charset_normalizer<4,>=2 (from requests<3.0.0,>=2.13.0->spacy[cuda11x])
#8 5.066   Downloading charset_normalizer-3.4.4-cp310-cp310-manylinux2014_x86_64.manylinux_2_17_x86_64.manylinux_2_28_x86_64.whl.metadata (37 kB)
#8 5.092 Collecting idna<4,>=2.5 (from requests<3.0.0,>=2.13.0->spacy[cuda11x])
#8 5.105   Downloading idna-3.11-py3-none-any.whl.metadata (8.4 kB)
#8 5.139 Collecting urllib3<3,>=1.21.1 (from requests<3.0.0,>=2.13.0->spacy[cuda11x])
#8 5.152   Downloading urllib3-2.5.0-py3-none-any.whl.metadata (6.5 kB)
#8 5.181 Collecting certifi>=2017.4.17 (from requests<3.0.0,>=2.13.0->spacy[cuda11x])
#8 5.194   Downloading certifi-2025.11.12-py3-none-any.whl.metadata (2.5 kB)
#8 5.253 Collecting blis<1.4.0,>=1.3.0 (from thinc<8.4.0,>=8.3.4->spacy[cuda11x])
#8 5.267   Downloading blis-1.3.3-cp310-cp310-manylinux2014_x86_64.manylinux_2_17_x86_64.whl.metadata (7.5 kB)
#8 5.299 Collecting confection<1.0.0,>=0.0.1 (from thinc<8.4.0,>=8.3.4->spacy[cuda11x])
#8 5.313   Downloading confection-0.1.5-py3-none-any.whl.metadata (19 kB)
#8 5.365 Collecting click>=8.0.0 (from typer-slim<1.0.0,>=0.3.0->spacy[cuda11x])
#8 5.378   Downloading click-8.3.1-py3-none-any.whl.metadata (2.6 kB)
#8 5.410 Collecting cloudpathlib<1.0.0,>=0.7.0 (from weasel<0.5.0,>=0.4.2->spacy[cuda11x])
#8 5.424   Downloading cloudpathlib-0.23.0-py3-none-any.whl.metadata (16 kB)
#8 5.453 Collecting smart-open<8.0.0,>=5.2.1 (from weasel<0.5.0,>=0.4.2->spacy[cuda11x])
#8 5.467   Downloading smart_open-7.5.0-py3-none-any.whl.metadata (24 kB)
